# JRE version: OpenJDK Runtime Environment Microsoft-13877171 (21.0.11+10) (build 21.0.11+10-LTS)
# Java VM: OpenJDK 64-Bit Server VM Microsoft-13877171 (21.0.11+10-LTS, mixed mode, sharing, tiered, compressed oops, compressed class ptrs, g1 gc, windows-amd64)
GC Precious Log:
 CardTable entry size: 512
 Card Set container configuration: InlinePtr #cards 5 size 8 Array Of Cards #cards 12 size 40 Howl #buckets 4 coarsen threshold 1843 Howl Bitmap #cards 512 size 80 coarsen threshold 460 Card regions per heap region 1 cards per card region 2048
 CPUs: 8 total, 8 available
 Memory: 7910M
 Large Page Support: Disabled
 NUMA Support: Disabled
 Compressed Oops: Enabled (32-bit)
 Heap Region Size: 1M
 Heap Min Capacity: 8M
 Heap Initial Capacity: 124M
 Heap Max Capacity: 2G
 Pre-touch: Disabled
 Parallel Workers: 8
 Concurrent Workers: 2
 Concurrent Refinement Workers: 8
 Periodic GC: Disabled
Heap:
 garbage-first heap   total 362496K, used 265720K [0x0000000080000000, 0x0000000100000000)
  region size 1024K, 35 young (35840K), 12 survivors (12288K)
 Metaspace       used 137775K, committed 140800K, reserved 557056K
  class space    used 19146K, committed 20608K, reserved 425984K
GC Heap History (20 events):
Event: 30.305 GC heap before
{Heap before GC invocations=55 (full 0):
 garbage-first heap   total 261120K, used 214916K [0x0000000080000000, 0x0000000100000000)
  region size 1024K, 58 young (59392K), 3 survivors (3072K)
 Metaspace       used 119870K, committed 122752K, reserved 557056K
  class space    used 17021K, committed 18432K, reserved 425984K
}
Event: 30.310 GC heap after
{Heap after GC invocations=56 (full 0):
 garbage-first heap   total 261120K, used 165522K [0x0000000080000000, 0x0000000100000000)
  region size 1024K, 8 young (8192K), 8 survivors (8192K)
 Metaspace       used 119870K, committed 122752K, reserved 557056K
  class space    used 17021K, committed 18432K, reserved 425984K
}
Event: 30.772 GC heap before
{Heap before GC invocations=56 (full 0):
 garbage-first heap   total 261120K, used 238226K [0x0000000080000000, 0x0000000100000000)
  region size 1024K, 80 young (81920K), 8 survivors (8192K)
 Metaspace       used 120022K, committed 122880K, reserved 557056K
  class space    used 17028K, committed 18432K, reserved 425984K
}
Event: 30.779 GC heap after
{Heap after GC invocations=57 (full 0):
 garbage-first heap   total 261120K, used 169652K [0x0000000080000000, 0x0000000100000000)
  region size 1024K, 5 young (5120K), 5 survivors (5120K)
 Metaspace       used 120022K, committed 122880K, reserved 557056K
  class space    used 17028K, committed 18432K, reserved 425984K
}
Event: 31.245 GC heap before
{Heap before GC invocations=57 (full 0):
 garbage-first heap   total 261120K, used 245428K [0x0000000080000000, 0x0000000100000000)
  region size 1024K, 75 young (76800K), 5 survivors (5120K)
 Metaspace       used 120159K, committed 123008K, reserved 557056K
  class space    used 17044K, committed 18432K, reserved 425984K
}
Event: 31.252 GC heap after
{Heap after GC invocations=58 (full 0):
 garbage-first heap   total 263168K, used 182411K [0x0000000080000000, 0x0000000100000000)
  region size 1024K, 10 young (10240K), 10 survivors (10240K)
 Metaspace       used 120159K, committed 123008K, reserved 557056K
  class space    used 17044K, committed 18432K, reserved 425984K
}
Event: 31.762 GC heap before
{Heap before GC invocations=58 (full 0):
 garbage-first heap   total 263168K, used 240779K [0x0000000080000000, 0x0000000100000000)
  region size 1024K, 68 young (69632K), 10 survivors (10240K)
 Metaspace       used 120259K, committed 123136K, reserved 557056K
  class space    used 17052K, committed 18432K, reserved 425984K
}
Event: 31.771 GC heap after
{Heap after GC invocations=59 (full 0):
 garbage-first heap   total 263168K, used 187453K [0x0000000080000000, 0x0000000100000000)
  region size 1024K, 5 young (5120K), 5 survivors (5120K)
 Metaspace       used 120259K, committed 123136K, reserved 557056K
  class space    used 17052K, committed 18432K, reserved 425984K
}
Event: 32.497 GC heap before
{Heap before GC invocations=60 (full 0):
 garbage-first heap   total 314368K, used 243773K [0x0000000080000000, 0x0000000100000000)
  region size 1024K, 61 young (62464K), 5 survivors (5120K)
 Metaspace       used 120260K, committed 123136K, reserved 557056K
  class space    used 17052K, committed 18432K, reserved 425984K
}
Event: 32.503 GC heap after
{Heap after GC invocations=61 (full 0):
 garbage-first heap   total 314368K, used 189059K [0x0000000080000000, 0x0000000100000000)
  region size 1024K, 6 young (6144K), 6 survivors (6144K)
 Metaspace       used 120260K, committed 123136K, reserved 557056K
  class space    used 17052K, committed 18432K, reserved 425984K
}
Event: 35.214 GC heap before
{Heap before GC invocations=61 (full 0):
 garbage-first heap   total 314368K, used 292483K [0x0000000080000000, 0x0000000100000000)
  region size 1024K, 104 young (106496K), 6 survivors (6144K)
 Metaspace       used 124076K, committed 126976K, reserved 557056K
  class space    used 17475K, committed 18880K, reserved 425984K
}
Event: 35.230 GC heap after
{Heap after GC invocations=62 (full 0):
 garbage-first heap   total 316416K, used 204230K [0x0000000080000000, 0x0000000100000000)
  region size 1024K, 13 young (13312K), 13 survivors (13312K)
 Metaspace       used 124076K, committed 126976K, reserved 557056K
  class space    used 17475K, committed 18880K, reserved 425984K
}
Event: 36.172 GC heap before
{Heap before GC invocations=62 (full 0):
 garbage-first heap   total 316416K, used 286150K [0x0000000080000000, 0x0000000100000000)
  region size 1024K, 93 young (95232K), 13 survivors (13312K)
 Metaspace       used 126260K, committed 129216K, reserved 557056K
  class space    used 17738K, committed 19136K, reserved 425984K
}
Event: 36.188 GC heap after
{Heap after GC invocations=63 (full 0):
 garbage-first heap   total 316416K, used 215988K [0x0000000080000000, 0x0000000100000000)
  region size 1024K, 11 young (11264K), 11 survivors (11264K)
 Metaspace       used 126260K, committed 129216K, reserved 557056K
  class space    used 17738K, committed 19136K, reserved 425984K
}
Event: 37.353 GC heap before
{Heap before GC invocations=64 (full 0):
 garbage-first heap   total 362496K, used 290740K [0x0000000080000000, 0x0000000100000000)
  region size 1024K, 84 young (86016K), 11 survivors (11264K)
 Metaspace       used 131853K, committed 134848K, reserved 557056K
  class space    used 18511K, committed 19904K, reserved 425984K
}
Event: 37.362 GC heap after
{Heap after GC invocations=65 (full 0):
 garbage-first heap   total 362496K, used 219333K [0x0000000080000000, 0x0000000100000000)
  region size 1024K, 4 young (4096K), 4 survivors (4096K)
 Metaspace       used 131853K, committed 134848K, reserved 557056K
  class space    used 18511K, committed 19904K, reserved 425984K
}
Event: 38.477 GC heap before
{Heap before GC invocations=65 (full 0):
 garbage-first heap   total 362496K, used 324805K [0x0000000080000000, 0x0000000100000000)
  region size 1024K, 107 young (109568K), 4 survivors (4096K)
 Metaspace       used 133534K, committed 136576K, reserved 557056K
  class space    used 18700K, committed 20160K, reserved 425984K
}
Event: 38.491 GC heap after
{Heap after GC invocations=66 (full 0):
 garbage-first heap   total 362496K, used 232686K [0x0000000080000000, 0x0000000100000000)
  region size 1024K, 14 young (14336K), 14 survivors (14336K)
 Metaspace       used 133534K, committed 136576K, reserved 557056K
  class space    used 18700K, committed 20160K, reserved 425984K
}
Event: 60.153 GC heap before
{Heap before GC invocations=66 (full 0):
 garbage-first heap   total 362496K, used 332014K [0x0000000080000000, 0x0000000100000000)
  region size 1024K, 107 young (109568K), 14 survivors (14336K)
 Metaspace       used 136698K, committed 139648K, reserved 557056K
  class space    used 19033K, committed 20416K, reserved 425984K
}
Event: 60.234 GC heap after
{Heap after GC invocations=67 (full 0):
 garbage-first heap   total 362496K, used 244216K [0x0000000080000000, 0x0000000100000000)
  region size 1024K, 12 young (12288K), 12 survivors (12288K)
 Metaspace       used 136698K, committed 139648K, reserved 557056K
  class space    used 19033K, committed 20416K, reserved 425984K
}

