# JRE version: OpenJDK Runtime Environment Microsoft-13877171 (21.0.11+10) (build 21.0.11+10-LTS)
# Java VM: OpenJDK 64-Bit Server VM Microsoft-13877171 (21.0.11+10-LTS, mixed mode, sharing, tiered, compressed oops, compressed class ptrs, serial gc, windows-amd64)
GC Precious Log:
 CardTable entry size: 512
 CPUs: 8 total, 8 available
 Memory: 7910M
 Large Page Support: Disabled
 NUMA Support: Disabled
 Compressed Oops: Enabled (Zero based)
 Heap Min Capacity: 8M
 Heap Initial Capacity: 124M
 Heap Max Capacity: 768M
 Pre-touch: Disabled
Heap:
 def new generation   total 227968K, used 60079K [0x0000000100000000, 0x000000010f750000, 0x0000000110000000)
  eden space 202688K,  29% used [0x0000000100000000, 0x0000000103aabf30, 0x000000010c5f0000)
  from space 25280K,   0% used [0x000000010c5f0000, 0x000000010c5f0000, 0x000000010dea0000)
  to   space 25280K,   0% used [0x000000010dea0000, 0x000000010dea0000, 0x000000010f750000)
 tenured generation   total 505856K, used 303511K [0x0000000110000000, 0x000000012ee00000, 0x0000000130000000)
   the space 505856K,  59% used [0x0000000110000000, 0x0000000122865e28, 0x0000000122866000, 0x000000012ee00000)
 Metaspace       used 140713K, committed 143680K, reserved 344064K
  class space    used 19361K, committed 20800K, reserved 212992K
GC Heap History (20 events):
Event: 58.719 GC heap before
{Heap before GC invocations=56 (full 5):
 def new generation   total 96320K, used 96320K [0x0000000100000000, 0x0000000106880000, 0x0000000110000000)
  eden space 85632K, 100% used [0x0000000100000000, 0x00000001053a0000, 0x00000001053a0000)
  from space 10688K, 100% used [0x0000000105e10000, 0x0000000106880000, 0x0000000106880000)
  to   space 10688K,   0% used [0x00000001053a0000, 0x00000001053a0000, 0x0000000105e10000)
 tenured generation   total 213376K, used 186629K [0x0000000110000000, 0x000000011d060000, 0x0000000130000000)
   the space 213376K,  87% used [0x0000000110000000, 0x000000011b6416a0, 0x000000011b641800, 0x000000011d060000)
 Metaspace       used 126495K, committed 129472K, reserved 344064K
  class space    used 17697K, committed 19136K, reserved 212992K
}
Event: 58.803 GC heap after
{Heap after GC invocations=57 (full 5):
 def new generation   total 96320K, used 9594K [0x0000000100000000, 0x0000000106880000, 0x0000000110000000)
  eden space 85632K,   0% used [0x0000000100000000, 0x0000000100000000, 0x00000001053a0000)
  from space 10688K,  89% used [0x00000001053a0000, 0x0000000105cfe800, 0x0000000105e10000)
  to   space 10688K,   0% used [0x0000000105e10000, 0x0000000105e10000, 0x0000000106880000)
 tenured generation   total 213376K, used 197189K [0x0000000110000000, 0x000000011d060000, 0x0000000130000000)
   the space 213376K,  92% used [0x0000000110000000, 0x000000011c0916a0, 0x000000011c091800, 0x000000011d060000)
 Metaspace       used 126495K, committed 129472K, reserved 344064K
  class space    used 17697K, committed 19136K, reserved 212992K
}
Event: 60.268 GC heap before
{Heap before GC invocations=57 (full 5):
 def new generation   total 96320K, used 95226K [0x0000000100000000, 0x0000000106880000, 0x0000000110000000)
  eden space 85632K, 100% used [0x0000000100000000, 0x00000001053a0000, 0x00000001053a0000)
  from space 10688K,  89% used [0x00000001053a0000, 0x0000000105cfe800, 0x0000000105e10000)
  to   space 10688K,   0% used [0x0000000105e10000, 0x0000000105e10000, 0x0000000106880000)
 tenured generation   total 213376K, used 197189K [0x0000000110000000, 0x000000011d060000, 0x0000000130000000)
   the space 213376K,  92% used [0x0000000110000000, 0x000000011c0916a0, 0x000000011c091800, 0x000000011d060000)
 Metaspace       used 132522K, committed 135488K, reserved 344064K
  class space    used 18514K, committed 19968K, reserved 212992K
}
Event: 60.326 GC heap after
{Heap after GC invocations=58 (full 5):
 def new generation   total 96320K, used 4662K [0x0000000100000000, 0x0000000106880000, 0x0000000110000000)
  eden space 85632K,   0% used [0x0000000100000000, 0x0000000100000000, 0x00000001053a0000)
  from space 10688K,  43% used [0x0000000105e10000, 0x000000010629d988, 0x0000000106880000)
  to   space 10688K,   0% used [0x00000001053a0000, 0x00000001053a0000, 0x0000000105e10000)
 tenured generation   total 213376K, used 206681K [0x0000000110000000, 0x000000011d060000, 0x0000000130000000)
   the space 213376K,  96% used [0x0000000110000000, 0x000000011c9d6520, 0x000000011c9d6600, 0x000000011d060000)
 Metaspace       used 132522K, committed 135488K, reserved 344064K
  class space    used 18514K, committed 19968K, reserved 212992K
}
Event: 60.970 GC heap before
{Heap before GC invocations=58 (full 5):
 def new generation   total 96320K, used 39154K [0x0000000100000000, 0x0000000106880000, 0x0000000110000000)
  eden space 85632K,  40% used [0x0000000100000000, 0x00000001021aef10, 0x00000001053a0000)
  from space 10688K,  43% used [0x0000000105e10000, 0x000000010629d988, 0x0000000106880000)
  to   space 10688K,   0% used [0x00000001053a0000, 0x00000001053a0000, 0x0000000105e10000)
 tenured generation   total 213376K, used 206681K [0x0000000110000000, 0x000000011d060000, 0x0000000130000000)
   the space 213376K,  96% used [0x0000000110000000, 0x000000011c9d6520, 0x000000011c9d6600, 0x000000011d060000)
 Metaspace       used 132749K, committed 135680K, reserved 344064K
  class space    used 18521K, committed 19968K, reserved 212992K
}
Event: 61.682 GC heap after
{Heap after GC invocations=59 (full 6):
 def new generation   total 160384K, used 591K [0x0000000100000000, 0x000000010ae00000, 0x0000000110000000)
  eden space 142592K,   0% used [0x0000000100000000, 0x0000000100093c58, 0x0000000108b40000)
  from space 17792K,   0% used [0x0000000108b40000, 0x0000000108b40000, 0x0000000109ca0000)
  to   space 17792K,   0% used [0x0000000109ca0000, 0x0000000109ca0000, 0x000000010ae00000)
 tenured generation   total 355628K, used 213375K [0x0000000110000000, 0x0000000125b4b000, 0x0000000130000000)
   the space 355628K,  59% used [0x0000000110000000, 0x000000011d05fff0, 0x000000011d060000, 0x0000000125b4b000)
 Metaspace       used 132749K, committed 135680K, reserved 344064K
  class space    used 18521K, committed 19968K, reserved 212992K
}
Event: 64.233 GC heap before
{Heap before GC invocations=59 (full 6):
 def new generation   total 160384K, used 142592K [0x0000000100000000, 0x000000010ae00000, 0x0000000110000000)
  eden space 142592K, 100% used [0x0000000100000000, 0x0000000108b40000, 0x0000000108b40000)
  from space 17792K,   0% used [0x0000000108b40000, 0x0000000108b40000, 0x0000000109ca0000)
  to   space 17792K,   0% used [0x0000000109ca0000, 0x0000000109ca0000, 0x000000010ae00000)
 tenured generation   total 355628K, used 213375K [0x0000000110000000, 0x0000000125b4b000, 0x0000000130000000)
   the space 355628K,  59% used [0x0000000110000000, 0x000000011d05fff0, 0x000000011d060000, 0x0000000125b4b000)
 Metaspace       used 136246K, committed 139200K, reserved 344064K
  class space    used 18905K, committed 20352K, reserved 212992K
}
Event: 64.476 GC heap after
{Heap after GC invocations=60 (full 6):
 def new generation   total 160384K, used 14796K [0x0000000100000000, 0x000000010ae00000, 0x0000000110000000)
  eden space 142592K,   0% used [0x0000000100000000, 0x0000000100000000, 0x0000000108b40000)
  from space 17792K,  83% used [0x0000000109ca0000, 0x000000010ab13068, 0x000000010ae00000)
  to   space 17792K,   0% used [0x0000000108b40000, 0x0000000108b40000, 0x0000000109ca0000)
 tenured generation   total 355628K, used 213375K [0x0000000110000000, 0x0000000125b4b000, 0x0000000130000000)
   the space 355628K,  59% used [0x0000000110000000, 0x000000011d05fff0, 0x000000011d060000, 0x0000000125b4b000)
 Metaspace       used 136246K, committed 139200K, reserved 344064K
  class space    used 18905K, committed 20352K, reserved 212992K
}
Event: 66.952 GC heap before
{Heap before GC invocations=60 (full 6):
 def new generation   total 160384K, used 157388K [0x0000000100000000, 0x000000010ae00000, 0x0000000110000000)
  eden space 142592K, 100% used [0x0000000100000000, 0x0000000108b40000, 0x0000000108b40000)
  from space 17792K,  83% used [0x0000000109ca0000, 0x000000010ab13068, 0x000000010ae00000)
  to   space 17792K,   0% used [0x0000000108b40000, 0x0000000108b40000, 0x0000000109ca0000)
 tenured generation   total 355628K, used 213375K [0x0000000110000000, 0x0000000125b4b000, 0x0000000130000000)
   the space 355628K,  59% used [0x0000000110000000, 0x000000011d05fff0, 0x000000011d060000, 0x0000000125b4b000)
 Metaspace       used 137438K, committed 140416K, reserved 344064K
  class space    used 19059K, committed 20480K, reserved 212992K
}
Event: 67.029 GC heap after
{Heap after GC invocations=61 (full 6):
 def new generation   total 160384K, used 7159K [0x0000000100000000, 0x000000010ae00000, 0x0000000110000000)
  eden space 142592K,   0% used [0x0000000100000000, 0x0000000100000000, 0x0000000108b40000)
  from space 17792K,  40% used [0x0000000108b40000, 0x000000010923dc58, 0x0000000109ca0000)
  to   space 17792K,   0% used [0x0000000109ca0000, 0x0000000109ca0000, 0x000000010ae00000)
 tenured generation   total 355628K, used 226339K [0x0000000110000000, 0x0000000125b4b000, 0x0000000130000000)
   the space 355628K,  63% used [0x0000000110000000, 0x000000011dd08c28, 0x000000011dd08e00, 0x0000000125b4b000)
 Metaspace       used 137438K, committed 140416K, reserved 344064K
  class space    used 19059K, committed 20480K, reserved 212992K
}
Event: 75.233 GC heap before
{Heap before GC invocations=61 (full 6):
 def new generation   total 160384K, used 149751K [0x0000000100000000, 0x000000010ae00000, 0x0000000110000000)
  eden space 142592K, 100% used [0x0000000100000000, 0x0000000108b40000, 0x0000000108b40000)
  from space 17792K,  40% used [0x0000000108b40000, 0x000000010923dc58, 0x0000000109ca0000)
  to   space 17792K,   0% used [0x0000000109ca0000, 0x0000000109ca0000, 0x000000010ae00000)
 tenured generation   total 355628K, used 226339K [0x0000000110000000, 0x0000000125b4b000, 0x0000000130000000)
   the space 355628K,  63% used [0x0000000110000000, 0x000000011dd08c28, 0x000000011dd08e00, 0x0000000125b4b000)
 Metaspace       used 137830K, committed 140800K, reserved 344064K
  class space    used 19094K, committed 20544K, reserved 212992K
}
Event: 75.314 GC heap after
{Heap after GC invocations=62 (full 6):
 def new generation   total 160384K, used 12805K [0x0000000100000000, 0x000000010ae00000, 0x0000000110000000)
  eden space 142592K,   0% used [0x0000000100000000, 0x0000000100000000, 0x0000000108b40000)
  from space 17792K,  71% used [0x0000000109ca0000, 0x000000010a9214a0, 0x000000010ae00000)
  to   space 17792K,   0% used [0x0000000108b40000, 0x0000000108b40000, 0x0000000109ca0000)
 tenured generation   total 355628K, used 226339K [0x0000000110000000, 0x0000000125b4b000, 0x0000000130000000)
   the space 355628K,  63% used [0x0000000110000000, 0x000000011dd08c28, 0x000000011dd08e00, 0x0000000125b4b000)
 Metaspace       used 137830K, committed 140800K, reserved 344064K
  class space    used 19094K, committed 20544K, reserved 212992K
}
Event: 82.317 GC heap before
{Heap before GC invocations=62 (full 6):
 def new generation   total 160384K, used 155397K [0x0000000100000000, 0x000000010ae00000, 0x0000000110000000)
  eden space 142592K, 100% used [0x0000000100000000, 0x0000000108b40000, 0x0000000108b40000)
  from space 17792K,  71% used [0x0000000109ca0000, 0x000000010a9214a0, 0x000000010ae00000)
  to   space 17792K,   0% used [0x0000000108b40000, 0x0000000108b40000, 0x0000000109ca0000)
 tenured generation   total 355628K, used 226339K [0x0000000110000000, 0x0000000125b4b000, 0x0000000130000000)
   the space 355628K,  63% used [0x0000000110000000, 0x000000011dd08c28, 0x000000011dd08e00, 0x0000000125b4b000)
 Metaspace       used 138040K, committed 140992K, reserved 344064K
  class space    used 19097K, committed 20544K, reserved 212992K
}
Event: 82.454 GC heap after
{Heap after GC invocations=63 (full 6):
 def new generation   total 160384K, used 16035K [0x0000000100000000, 0x000000010ae00000, 0x0000000110000000)
  eden space 142592K,   0% used [0x0000000100000000, 0x0000000100000000, 0x0000000108b40000)
  from space 17792K,  90% used [0x0000000108b40000, 0x0000000109ae8f58, 0x0000000109ca0000)
  to   space 17792K,   0% used [0x0000000109ca0000, 0x0000000109ca0000, 0x000000010ae00000)
 tenured generation   total 355628K, used 231081K [0x0000000110000000, 0x0000000125b4b000, 0x0000000130000000)
   the space 355628K,  64% used [0x0000000110000000, 0x000000011e1aa700, 0x000000011e1aa800, 0x0000000125b4b000)
 Metaspace       used 138040K, committed 140992K, reserved 344064K
  class space    used 19097K, committed 20544K, reserved 212992K
}
Event: 87.352 GC heap before
{Heap before GC invocations=63 (full 6):
 def new generation   total 160384K, used 158627K [0x0000000100000000, 0x000000010ae00000, 0x0000000110000000)
  eden space 142592K, 100% used [0x0000000100000000, 0x0000000108b40000, 0x0000000108b40000)
  from space 17792K,  90% used [0x0000000108b40000, 0x0000000109ae8f58, 0x0000000109ca0000)
  to   space 17792K,   0% used [0x0000000109ca0000, 0x0000000109ca0000, 0x000000010ae00000)
 tenured generation   total 355628K, used 231081K [0x0000000110000000, 0x0000000125b4b000, 0x0000000130000000)
   the space 355628K,  64% used [0x0000000110000000, 0x000000011e1aa700, 0x000000011e1aa800, 0x0000000125b4b000)
 Metaspace       used 138676K, committed 141632K, reserved 344064K
  class space    used 19181K, committed 20608K, reserved 212992K
}
Event: 87.441 GC heap after
{Heap after GC invocations=64 (full 6):
 def new generation   total 160384K, used 7782K [0x0000000100000000, 0x000000010ae00000, 0x0000000110000000)
  eden space 142592K,   0% used [0x0000000100000000, 0x0000000100000000, 0x0000000108b40000)
  from space 17792K,  43% used [0x0000000109ca0000, 0x000000010a439990, 0x000000010ae00000)
  to   space 17792K,   0% used [0x0000000108b40000, 0x0000000108b40000, 0x0000000109ca0000)
 tenured generation   total 355628K, used 244341K [0x0000000110000000, 0x0000000125b4b000, 0x0000000130000000)
   the space 355628K,  68% used [0x0000000110000000, 0x000000011ee9d4c8, 0x000000011ee9d600, 0x0000000125b4b000)
 Metaspace       used 138676K, committed 141632K, reserved 344064K
  class space    used 19181K, committed 20608K, reserved 212992K
}
Event: 92.216 GC heap before
{Heap before GC invocations=64 (full 6):
 def new generation   total 160384K, used 150374K [0x0000000100000000, 0x000000010ae00000, 0x0000000110000000)
  eden space 142592K, 100% used [0x0000000100000000, 0x0000000108b40000, 0x0000000108b40000)
  from space 17792K,  43% used [0x0000000109ca0000, 0x000000010a439990, 0x000000010ae00000)
  to   space 17792K,   0% used [0x0000000108b40000, 0x0000000108b40000, 0x0000000109ca0000)
 tenured generation   total 355628K, used 244341K [0x0000000110000000, 0x0000000125b4b000, 0x0000000130000000)
   the space 355628K,  68% used [0x0000000110000000, 0x000000011ee9d4c8, 0x000000011ee9d600, 0x0000000125b4b000)
 Metaspace       used 140359K, committed 143296K, reserved 344064K
  class space    used 19329K, committed 20736K, reserved 212992K
}
Event: 92.436 GC heap after
{Heap after GC invocations=65 (full 6):
 def new generation   total 160384K, used 17791K [0x0000000100000000, 0x000000010ae00000, 0x0000000110000000)
  eden space 142592K,   0% used [0x0000000100000000, 0x0000000100000000, 0x0000000108b40000)
  from space 17792K,  99% used [0x0000000108b40000, 0x0000000109c9fff8, 0x0000000109ca0000)
  to   space 17792K,   0% used [0x0000000109ca0000, 0x0000000109ca0000, 0x000000010ae00000)
 tenured generation   total 355628K, used 281817K [0x0000000110000000, 0x0000000125b4b000, 0x0000000130000000)
   the space 355628K,  79% used [0x0000000110000000, 0x0000000121336680, 0x0000000121336800, 0x0000000125b4b000)
 Metaspace       used 140359K, committed 143296K, reserved 344064K
  class space    used 19329K, committed 20736K, reserved 212992K
}
Event: 93.381 GC heap before
{Heap before GC invocations=65 (full 6):
 def new generation   total 160384K, used 61513K [0x0000000100000000, 0x000000010ae00000, 0x0000000110000000)
  eden space 142592K,  30% used [0x0000000100000000, 0x0000000102ab27b0, 0x0000000108b40000)
  from space 17792K,  99% used [0x0000000108b40000, 0x0000000109c9fff8, 0x0000000109ca0000)
  to   space 17792K,   0% used [0x0000000109ca0000, 0x0000000109ca0000, 0x000000010ae00000)
 tenured generation   total 355628K, used 281817K [0x0000000110000000, 0x0000000125b4b000, 0x0000000130000000)
   the space 355628K,  79% used [0x0000000110000000, 0x0000000121336680, 0x0000000121336800, 0x0000000125b4b000)
 Metaspace       used 140623K, committed 143616K, reserved 344064K
  class space    used 19352K, committed 20800K, reserved 212992K
}
Event: 94.841 GC heap after
{Heap after GC invocations=66 (full 7):
 def new generation   total 227968K, used 0K [0x0000000100000000, 0x000000010f750000, 0x0000000110000000)
  eden space 202688K,   0% used [0x0000000100000000, 0x0000000100000000, 0x000000010c5f0000)
  from space 25280K,   0% used [0x000000010c5f0000, 0x000000010c5f0000, 0x000000010dea0000)
  to   space 25280K,   0% used [0x000000010dea0000, 0x000000010dea0000, 0x000000010f750000)
 tenured generation   total 505856K, used 303511K [0x0000000110000000, 0x000000012ee00000, 0x0000000130000000)
   the space 505856K,  59% used [0x0000000110000000, 0x0000000122865e28, 0x0000000122866000, 0x000000012ee00000)
 Metaspace       used 140623K, committed 143616K, reserved 344064K
  class space    used 19352K, committed 20800K, reserved 212992K
}

