# JRE version: OpenJDK Runtime Environment Microsoft-13877171 (21.0.11+10) (build 21.0.11+10-LTS)
# Java VM: OpenJDK 64-Bit Server VM Microsoft-13877171 (21.0.11+10-LTS, mixed mode, sharing, tiered, compressed oops, compressed class ptrs, g1 gc, windows-amd64)
GC Precious Log:
 CardTable entry size: 512
 Card Set container configuration: InlinePtr #cards 5 size 8 Array Of Cards #cards 12 size 40 Howl #buckets 4 coarsen threshold 1843 Howl Bitmap #cards 512 size 80 coarsen threshold 460 Card regions per heap region 1 cards per card region 2048
 CPUs: 8 total, 8 available
 Memory: 7910M
 Large Page Support: Disabled
 NUMA Support: Disabled
 Compressed Oops: Enabled (32-bit)
 Heap Region Size: 1M
 Heap Min Capacity: 8M
 Heap Initial Capacity: 124M
 Heap Max Capacity: 1536M
 Pre-touch: Disabled
 Parallel Workers: 8
 Concurrent Workers: 2
 Concurrent Refinement Workers: 8
 Periodic GC: Disabled
Heap:
 garbage-first heap   total 414720K, used 286594K [0x00000000a0000000, 0x0000000100000000)
  region size 1024K, 45 young (46080K), 6 survivors (6144K)
 Metaspace       used 138087K, committed 141120K, reserved 458752K
  class space    used 19219K, committed 20672K, reserved 327680K
GC Heap History (20 events):
Event: 59.357 GC heap before
{Heap before GC invocations=61 (full 0):
 garbage-first heap   total 266240K, used 242682K [0x00000000a0000000, 0x0000000100000000)
  region size 1024K, 80 young (81920K), 11 survivors (11264K)
 Metaspace       used 120037K, committed 122880K, reserved 458752K
  class space    used 17028K, committed 18432K, reserved 327680K
}
Event: 59.366 GC heap after
{Heap after GC invocations=62 (full 0):
 garbage-first heap   total 266240K, used 175476K [0x00000000a0000000, 0x0000000100000000)
  region size 1024K, 4 young (4096K), 4 survivors (4096K)
 Metaspace       used 120037K, committed 122880K, reserved 458752K
  class space    used 17028K, committed 18432K, reserved 327680K
}
Event: 60.560 GC heap before
{Heap before GC invocations=63 (full 0):
 garbage-first heap   total 293888K, used 249204K [0x00000000a0000000, 0x0000000100000000)
  region size 1024K, 72 young (73728K), 4 survivors (4096K)
 Metaspace       used 120261K, committed 123136K, reserved 458752K
  class space    used 17053K, committed 18432K, reserved 327680K
}
Event: 60.572 GC heap after
{Heap after GC invocations=64 (full 0):
 garbage-first heap   total 293888K, used 191136K [0x00000000a0000000, 0x0000000100000000)
  region size 1024K, 9 young (9216K), 9 survivors (9216K)
 Metaspace       used 120261K, committed 123136K, reserved 458752K
  class space    used 17053K, committed 18432K, reserved 327680K
}
Event: 61.285 GC heap before
{Heap before GC invocations=64 (full 0):
 garbage-first heap   total 293888K, used 265888K [0x00000000a0000000, 0x0000000100000000)
  region size 1024K, 83 young (84992K), 9 survivors (9216K)
 Metaspace       used 120262K, committed 123136K, reserved 458752K
  class space    used 17053K, committed 18432K, reserved 327680K
}
Event: 61.296 GC heap after
{Heap after GC invocations=65 (full 0):
 garbage-first heap   total 293888K, used 193490K [0x00000000a0000000, 0x0000000100000000)
  region size 1024K, 5 young (5120K), 5 survivors (5120K)
 Metaspace       used 120262K, committed 123136K, reserved 458752K
  class space    used 17053K, committed 18432K, reserved 327680K
}
Event: 61.698 GC heap before
{Heap before GC invocations=65 (full 0):
 garbage-first heap   total 293888K, used 234450K [0x00000000a0000000, 0x0000000100000000)
  region size 1024K, 46 young (47104K), 5 survivors (5120K)
 Metaspace       used 120306K, committed 123200K, reserved 458752K
  class space    used 17057K, committed 18432K, reserved 327680K
}
Event: 61.707 GC heap after
{Heap after GC invocations=66 (full 0):
 garbage-first heap   total 293888K, used 195608K [0x00000000a0000000, 0x0000000100000000)
  region size 1024K, 7 young (7168K), 7 survivors (7168K)
 Metaspace       used 120306K, committed 123200K, reserved 458752K
  class space    used 17057K, committed 18432K, reserved 327680K
}
Event: 63.923 GC heap before
{Heap before GC invocations=67 (full 0):
 garbage-first heap   total 334848K, used 275480K [0x00000000a0000000, 0x0000000100000000)
  region size 1024K, 81 young (82944K), 7 survivors (7168K)
 Metaspace       used 123417K, committed 126336K, reserved 458752K
  class space    used 17392K, committed 18752K, reserved 327680K
}
Event: 63.940 GC heap after
{Heap after GC invocations=68 (full 0):
 garbage-first heap   total 334848K, used 210741K [0x00000000a0000000, 0x0000000100000000)
  region size 1024K, 11 young (11264K), 11 survivors (11264K)
 Metaspace       used 123417K, committed 126336K, reserved 458752K
  class space    used 17392K, committed 18752K, reserved 327680K
}
Event: 65.167 GC heap before
{Heap before GC invocations=68 (full 0):
 garbage-first heap   total 334848K, used 297781K [0x00000000a0000000, 0x0000000100000000)
  region size 1024K, 96 young (98304K), 11 survivors (11264K)
 Metaspace       used 126002K, committed 128896K, reserved 458752K
  class space    used 17704K, committed 19072K, reserved 327680K
}
Event: 65.189 GC heap after
{Heap after GC invocations=69 (full 0):
 garbage-first heap   total 334848K, used 219385K [0x00000000a0000000, 0x0000000100000000)
  region size 1024K, 11 young (11264K), 11 survivors (11264K)
 Metaspace       used 126002K, committed 128896K, reserved 458752K
  class space    used 17704K, committed 19072K, reserved 327680K
}
Event: 66.382 GC heap before
{Heap before GC invocations=69 (full 0):
 garbage-first heap   total 334848K, used 302329K [0x00000000a0000000, 0x0000000100000000)
  region size 1024K, 92 young (94208K), 11 survivors (11264K)
 Metaspace       used 131974K, committed 134912K, reserved 458752K
  class space    used 18527K, committed 19904K, reserved 327680K
}
Event: 66.394 GC heap after
{Heap after GC invocations=70 (full 0):
 garbage-first heap   total 334848K, used 223927K [0x00000000a0000000, 0x0000000100000000)
  region size 1024K, 5 young (5120K), 5 survivors (5120K)
 Metaspace       used 131974K, committed 134912K, reserved 458752K
  class space    used 18527K, committed 19904K, reserved 327680K
}
Event: 67.636 GC heap before
{Heap before GC invocations=71 (full 0):
 garbage-first heap   total 373760K, used 307895K [0x00000000a0000000, 0x0000000100000000)
  region size 1024K, 87 young (89088K), 5 survivors (5120K)
 Metaspace       used 133379K, committed 136320K, reserved 458752K
  class space    used 18679K, committed 20096K, reserved 327680K
}
Event: 67.651 GC heap after
{Heap after GC invocations=72 (full 0):
 garbage-first heap   total 373760K, used 234738K [0x00000000a0000000, 0x0000000100000000)
  region size 1024K, 11 young (11264K), 11 survivors (11264K)
 Metaspace       used 133379K, committed 136320K, reserved 458752K
  class space    used 18679K, committed 20096K, reserved 327680K
}
Event: 69.717 GC heap before
{Heap before GC invocations=72 (full 0):
 garbage-first heap   total 373760K, used 344306K [0x00000000a0000000, 0x0000000100000000)
  region size 1024K, 114 young (116736K), 11 survivors (11264K)
 Metaspace       used 136498K, committed 139520K, reserved 458752K
  class space    used 19023K, committed 20480K, reserved 327680K
}
Event: 69.745 GC heap after
{Heap after GC invocations=73 (full 0):
 garbage-first heap   total 373760K, used 244661K [0x00000000a0000000, 0x0000000100000000)
  region size 1024K, 10 young (10240K), 10 survivors (10240K)
 Metaspace       used 136498K, committed 139520K, reserved 458752K
  class space    used 19023K, committed 20480K, reserved 327680K
}
Event: 71.306 GC heap before
{Heap before GC invocations=73 (full 0):
 garbage-first heap   total 373760K, used 341941K [0x00000000a0000000, 0x0000000100000000)
  region size 1024K, 105 young (107520K), 10 survivors (10240K)
 Metaspace       used 136518K, committed 139520K, reserved 458752K
  class space    used 19025K, committed 20480K, reserved 327680K
}
Event: 71.328 GC heap after
{Heap after GC invocations=74 (full 0):
 garbage-first heap   total 373760K, used 248706K [0x00000000a0000000, 0x0000000100000000)
  region size 1024K, 6 young (6144K), 6 survivors (6144K)
 Metaspace       used 136518K, committed 139520K, reserved 458752K
  class space    used 19025K, committed 20480K, reserved 327680K
}

